<?xml version="1.0" encoding="UTF-8"?>
<testsuite name="com.yudinping.yudinping.YudinpingApplicationTests" tests="1" skipped="0" failures="0" errors="0" timestamp="2025-05-03T05:10:30" hostname="ojieun-ui-MacBookAir.local" time="0.316">
  <properties/>
  <testcase name="contextLoads()" classname="com.yudinping.yudinping.YudinpingApplicationTests" time="0.316"/>
  <system-out><![CDATA[14:10:28.357 [Test worker] INFO org.springframework.test.context.support.AnnotationConfigContextLoaderUtils -- Could not detect default configuration classes for test class [com.yudinping.yudinping.YudinpingApplicationTests]: YudinpingApplicationTests does not declare any static, non-private, non-final, nested classes annotated with @Configuration.
14:10:28.425 [Test worker] INFO org.springframework.boot.test.context.SpringBootTestContextBootstrapper -- Found @SpringBootConfiguration com.yudinping.yudinping.YudinpingApplication for test class com.yudinping.yudinping.YudinpingApplicationTests

  .   ____          _            __ _ _
 /\\ / ___'_ __ _ _(_)_ __  __ _ \ \ \ \
( ( )\___ | '_ | '_| | '_ \/ _` | \ \ \ \
 \\/  ___)| |_)| | | | | || (_| |  ) ) ) )
  '  |____| .__|_| |_|_| |_\__, | / / / /
 =========|_|==============|___/=/_/_/_/

 :: Spring Boot ::                (v3.4.5)

2025-05-03T14:10:28.624+09:00  INFO 71053 --- [yudinping] [    Test worker] c.y.yudinping.YudinpingApplicationTests  : Starting YudinpingApplicationTests using Java 17.0.15 with PID 71053 (started by ojieun in /Users/ojieun/yudinping/yudinping-backend)
2025-05-03T14:10:28.625+09:00  INFO 71053 --- [yudinping] [    Test worker] c.y.yudinping.YudinpingApplicationTests  : No active profile set, falling back to 1 default profile: "default"
2025-05-03T14:10:28.953+09:00  INFO 71053 --- [yudinping] [    Test worker] .s.d.r.c.RepositoryConfigurationDelegate : Bootstrapping Spring Data JPA repositories in DEFAULT mode.
2025-05-03T14:10:28.984+09:00  INFO 71053 --- [yudinping] [    Test worker] .s.d.r.c.RepositoryConfigurationDelegate : Finished Spring Data repository scanning in 25 ms. Found 2 JPA repository interfaces.
2025-05-03T14:10:29.209+09:00  INFO 71053 --- [yudinping] [    Test worker] o.hibernate.jpa.internal.util.LogHelper  : HHH000204: Processing PersistenceUnitInfo [name: default]
2025-05-03T14:10:29.235+09:00  INFO 71053 --- [yudinping] [    Test worker] org.hibernate.Version                    : HHH000412: Hibernate ORM core version 6.6.13.Final
2025-05-03T14:10:29.254+09:00  INFO 71053 --- [yudinping] [    Test worker] o.h.c.internal.RegionFactoryInitiator    : HHH000026: Second-level cache disabled
2025-05-03T14:10:29.398+09:00  INFO 71053 --- [yudinping] [    Test worker] o.s.o.j.p.SpringPersistenceUnitInfo      : No LoadTimeWeaver setup: ignoring JPA class transformer
2025-05-03T14:10:29.412+09:00  INFO 71053 --- [yudinping] [    Test worker] com.zaxxer.hikari.HikariDataSource       : HikariPool-1 - Starting...
2025-05-03T14:10:29.604+09:00  INFO 71053 --- [yudinping] [    Test worker] com.zaxxer.hikari.pool.HikariPool        : HikariPool-1 - Added connection com.mysql.cj.jdbc.ConnectionImpl@2166c48a
2025-05-03T14:10:29.605+09:00  INFO 71053 --- [yudinping] [    Test worker] com.zaxxer.hikari.HikariDataSource       : HikariPool-1 - Start completed.
2025-05-03T14:10:29.632+09:00  WARN 71053 --- [yudinping] [    Test worker] org.hibernate.orm.deprecation            : HHH90000025: MySQL8Dialect does not need to be specified explicitly using 'hibernate.dialect' (remove the property setting and it will be selected by default)
2025-05-03T14:10:29.632+09:00  WARN 71053 --- [yudinping] [    Test worker] org.hibernate.orm.deprecation            : HHH90000026: MySQL8Dialect has been deprecated; use org.hibernate.dialect.MySQLDialect instead
2025-05-03T14:10:29.643+09:00  INFO 71053 --- [yudinping] [    Test worker] org.hibernate.orm.connections.pooling    : HHH10001005: Database info:
	Database JDBC URL [Connecting through datasource 'HikariDataSource (HikariPool-1)']
	Database driver: undefined/unknown
	Database version: 8.0
	Autocommit mode: undefined/unknown
	Isolation level: undefined/unknown
	Minimum pool size: undefined/unknown
	Maximum pool size: undefined/unknown
2025-05-03T14:10:30.106+09:00  INFO 71053 --- [yudinping] [    Test worker] o.h.e.t.j.p.i.JtaPlatformInitiator       : HHH000489: No JTA platform available (set 'hibernate.transaction.jta.platform' to enable JTA platform integration)
2025-05-03T14:10:30.182+09:00  INFO 71053 --- [yudinping] [    Test worker] j.LocalContainerEntityManagerFactoryBean : Initialized JPA EntityManagerFactory for persistence unit 'default'
WebSocketConfig registerWebSocketHandlers
2025-05-03T14:10:30.458+09:00  WARN 71053 --- [yudinping] [    Test worker] JpaBaseConfiguration$JpaWebConfiguration : spring.jpa.open-in-view is enabled by default. Therefore, database queries may be performed during view rendering. Explicitly configure spring.jpa.open-in-view to disable this warning
2025-05-03T14:10:30.672+09:00  INFO 71053 --- [yudinping] [    Test worker] c.y.yudinping.YudinpingApplicationTests  : Started YudinpingApplicationTests in 2.174 seconds (process running for 2.813)
]]></system-out>
  <system-err><![CDATA[]]></system-err>
</testsuite>
